<?xml version="1.0" encoding="UTF-8"?>
<!-- Generated by org.testng.reporters.JUnitReportReporter -->
<testsuite hostname="L-INE-8LM8V93" failures="0" tests="1" name="Test.Datepickernew" time="6.021" errors="0" timestamp="14 Dec 2023 08:03:10 GMT" skipped="0">
  <testcase classname="Test.Datepickernew" name="Testcase2" time="6.021"/>
</testsuite> <!-- Test.Datepickernew -->
