<?xml version="1.0" encoding="UTF-8"?>
<!-- Generated by org.testng.reporters.JUnitReportReporter -->
<testsuite hostname="L-INE-8LM8V93" failures="0" tests="1" name="Test.alerts" time="6.495" errors="0" timestamp="21 Feb 2025 16:55:49 GMT" skipped="0">
  <testcase classname="Test.alerts" name="alerts" time="6.495"/>
</testsuite> <!-- Test.alerts -->
