<?xml version="1.0" encoding="UTF-8"?>
<!-- Generated by org.testng.reporters.JUnitReportReporter -->
<testsuite hostname="L-INE-8LM8V93" failures="0" tests="1" name="Test.pdfread" time="0.358" errors="0" timestamp="03 Mar 2025 04:51:28 GMT" skipped="0">
  <testcase classname="Test.pdfread" name="PDFread2" time="0.358"/>
</testsuite> <!-- Test.pdfread -->
