<?xml version="1.0" encoding="UTF-8"?>
<!-- Generated by org.testng.reporters.JUnitReportReporter -->
<testsuite hostname="L-INE-8LM8V93" failures="0" tests="1" name="Test.excelread" time="0.954" errors="0" timestamp="22 Nov 2023 09:02:08 GMT" skipped="0">
  <testcase classname="Test.excelread" name="Excelwrite1" time="0.954"/>
</testsuite> <!-- Test.excelread -->
