<?xml version="1.0" encoding="UTF-8"?>
<!-- Generated by org.testng.reporters.JUnitReportReporter -->
<testsuite hostname="L-INE-8LM8V93" failures="0" tests="1" name="Test.Datepickerminusyear" time="1.732" errors="0" timestamp="05 Oct 2023 12:30:22 GMT" skipped="0">
  <testcase classname="Test.Datepickerminusyear" name="test3" time="1.732"/>
</testsuite> <!-- Test.Datepickerminusyear -->
