<?xml version="1.0" encoding="UTF-8"?>
<!-- Generated by org.testng.reporters.JUnitReportReporter -->
<testsuite hostname="L-INE-8LM8V93" failures="0" tests="1" name="Test.DatePicker" time="15.551" errors="0" timestamp="11 Oct 2023 09:48:55 GMT" skipped="0">
  <testcase classname="Test.DatePicker" name="Testcase1" time="15.551"/>
</testsuite> <!-- Test.DatePicker -->
