<?xml version="1.0" encoding="UTF-8"?>
<!-- Generated by org.testng.reporters.JUnitReportReporter -->
<testsuite hostname="L-INE-8LM8V93" failures="0" tests="1" name="Test.webtable" time="27.650" errors="0" timestamp="03 Mar 2025 04:52:48 GMT" skipped="0">
  <testcase classname="Test.webtable" name="webtable1" time="27.650"/>
</testsuite> <!-- Test.webtable -->
